<?xml version="1.0" encoding="UTF-8" ?>
<testsuite errors="0" failures="0" hostname="Pudim-NB" name="com.furb.poo.exercicios.lista12.questao01.model.ImovelTest" skipped="0" tests="11" time="0.091" timestamp="2024-11-19T23:28:12">
  <properties>
[...]
</properties>
  <testcase classname="com.furb.poo.exercicios.lista12.questao01.model.ImovelTest" name="testRecusarCalcularIptuImovelSemAreaDefinida" time="0.004" />
  <testcase classname="com.furb.poo.exercicios.lista12.questao01.model.ImovelTest" name="testCalcularImpostoImoveisResidenciais" time="0.001" />
  <testcase classname="com.furb.poo.exercicios.lista12.questao01.model.ImovelTest" name="testCalcularImpostoImoveisIndustriaisAte2MilMetrosArea" time="0.0" />
  <testcase classname="com.furb.poo.exercicios.lista12.questao01.model.ImovelTest" name="testCalcularImpostoImoveisIndustriaisAcima2MilMetrosArea" time="0.0" />
  <testcase classname="com.furb.poo.exercicios.lista12.questao01.model.ImovelTest" name="testCalcularImpostoImoveisComerciaisAte100MetrosArea" time="0.0" />
  <testcase classname="com.furb.poo.exercicios.lista12.questao01.model.ImovelTest" name="testRecusarCalcularIptuImovelSemBairroDefinido" time="0.0" />
  <testcase classname="com.furb.poo.exercicios.lista12.questao01.model.ImovelTest" name="testCalcularImpostoImoveisComerciaisAcimaDe400MetrosArea" time="0.001" />
  <testcase classname="com.furb.poo.exercicios.lista12.questao01.model.ImovelTest" name="testRecusarAreaNegativa" time="0.0" />
  <testcase classname="com.furb.poo.exercicios.lista12.questao01.model.ImovelTest" name="testCalcularImpostoImoveisCoeficienteIptuBairro2_5" time="0.0" />
  <testcase classname="com.furb.poo.exercicios.lista12.questao01.model.ImovelTest" name="testCalcularImpostoImoveisComerciaisEntre100e400MetrosArea" time="0.0" />
  <testcase classname="com.furb.poo.exercicios.lista12.questao01.model.ImovelTest" name="testRecusarCalcularIptuImovelSemFinalidadeDefinida" time="0.0" />
  <system-out><![CDATA[]]></system-out>
  <system-err><![CDATA[]]></system-err>
</testsuite>
